The system is: Linux - 4.15.0-46-generic - x86_64
Compiling the C compiler identification source file "CMakeCCompilerId.c" succeeded.
Compiler: /usr/bin/cc 
Build flags: 
Id flags:  

The output was:
0


Compilation of the C compiler identification source "CMakeCCompilerId.c" produced "a.out"

The C compiler identification is GNU, found in "/home/neil/MIDI-Real-Time/fluidSynthAPI/CMakeFiles/3.10.2/CompilerIdC/a.out"

Determining if the C compiler works passed with the following output:
Change Dir: /home/neil/MIDI-Real-Time/fluidSynthAPI/CMakeFiles/CMakeTmp

Run Build Command:"/usr/bin/make" "cmTC_c72bd/fast"
/usr/bin/make -f CMakeFiles/cmTC_c72bd.dir/build.make CMakeFiles/cmTC_c72bd.dir/build
make[1]: Entering directory '/home/neil/MIDI-Real-Time/fluidSynthAPI/CMakeFiles/CMakeTmp'
Building C object CMakeFiles/cmTC_c72bd.dir/testCCompiler.c.o
/usr/bin/cc    -o CMakeFiles/cmTC_c72bd.dir/testCCompiler.c.o   -c /home/neil/MIDI-Real-Time/fluidSynthAPI/CMakeFiles/CMakeTmp/testCCompiler.c
Linking C executable cmTC_c72bd
/usr/bin/cmake -E cmake_link_script CMakeFiles/cmTC_c72bd.dir/link.txt --verbose=1
/usr/bin/cc      -rdynamic CMakeFiles/cmTC_c72bd.dir/testCCompiler.c.o  -o cmTC_c72bd 
make[1]: Leaving directory '/home/neil/MIDI-Real-Time/fluidSynthAPI/CMakeFiles/CMakeTmp'


Detecting C compiler ABI info compiled with the following output:
Change Dir: /home/neil/MIDI-Real-Time/fluidSynthAPI/CMakeFiles/CMakeTmp

Run Build Command:"/usr/bin/make" "cmTC_66730/fast"
/usr/bin/make -f CMakeFiles/cmTC_66730.dir/build.make CMakeFiles/cmTC_66730.dir/build
make[1]: Entering directory '/home/neil/MIDI-Real-Time/fluidSynthAPI/CMakeFiles/CMakeTmp'
Building C object CMakeFiles/cmTC_66730.dir/CMakeCCompilerABI.c.o
/usr/bin/cc    -o CMakeFiles/cmTC_66730.dir/CMakeCCompilerABI.c.o   -c /usr/share/cmake-3.10/Modules/CMakeCCompilerABI.c
Linking C executable cmTC_66730
/usr/bin/cmake -E cmake_link_script CMakeFiles/cmTC_66730.dir/link.txt --verbose=1
/usr/bin/cc     -v -rdynamic CMakeFiles/cmTC_66730.dir/CMakeCCompilerABI.c.o  -o cmTC_66730 
Using built-in specs.
COLLECT_GCC=/usr/bin/cc
COLLECT_LTO_WRAPPER=/usr/lib/gcc/x86_64-linux-gnu/7/lto-wrapper
OFFLOAD_TARGET_NAMES=nvptx-none
OFFLOAD_TARGET_DEFAULT=1
Target: x86_64-linux-gnu
Configured with: ../src/configure -v --with-pkgversion='Ubuntu 7.3.0-27ubuntu1~18.04' --with-bugurl=file:///usr/share/doc/gcc-7/README.Bugs --enable-languages=c,ada,c++,go,brig,d,fortran,objc,obj-c++ --prefix=/usr --with-gcc-major-version-only --program-suffix=-7 --program-prefix=x86_64-linux-gnu- --enable-shared --enable-linker-build-id --libexecdir=/usr/lib --without-included-gettext --enable-threads=posix --libdir=/usr/lib --enable-nls --with-sysroot=/ --enable-clocale=gnu --enable-libstdcxx-debug --enable-libstdcxx-time=yes --with-default-libstdcxx-abi=new --enable-gnu-unique-object --disable-vtable-verify --enable-libmpx --enable-plugin --enable-default-pie --with-system-zlib --with-target-system-zlib --enable-objc-gc=auto --enable-multiarch --disable-werror --with-arch-32=i686 --with-abi=m64 --with-multilib-list=m32,m64,mx32 --enable-multilib --with-tune=generic --enable-offload-targets=nvptx-none --without-cuda-driver --enable-checking=release --build=x86_64-linux-gnu --host=x86_64-linux-gnu --target=x86_64-linux-gnu
Thread model: posix
gcc version 7.3.0 (Ubuntu 7.3.0-27ubuntu1~18.04) 
COMPILER_PATH=/usr/lib/gcc/x86_64-linux-gnu/7/:/usr/lib/gcc/x86_64-linux-gnu/7/:/usr/lib/gcc/x86_64-linux-gnu/:/usr/lib/gcc/x86_64-linux-gnu/7/:/usr/lib/gcc/x86_64-linux-gnu/
LIBRARY_PATH=/usr/lib/gcc/x86_64-linux-gnu/7/:/usr/lib/gcc/x86_64-linux-gnu/7/../../../x86_64-linux-gnu/:/usr/lib/gcc/x86_64-linux-gnu/7/../../../../lib/:/lib/x86_64-linux-gnu/:/lib/../lib/:/usr/lib/x86_64-linux-gnu/:/usr/lib/../lib/:/usr/lib/gcc/x86_64-linux-gnu/7/../../../:/lib/:/usr/lib/
COLLECT_GCC_OPTIONS='-v' '-rdynamic' '-o' 'cmTC_66730' '-mtune=generic' '-march=x86-64'
 /usr/lib/gcc/x86_64-linux-gnu/7/collect2 -plugin /usr/lib/gcc/x86_64-linux-gnu/7/liblto_plugin.so -plugin-opt=/usr/lib/gcc/x86_64-linux-gnu/7/lto-wrapper -plugin-opt=-fresolution=/tmp/ccpYdOMD.res -plugin-opt=-pass-through=-lgcc -plugin-opt=-pass-through=-lgcc_s -plugin-opt=-pass-through=-lc -plugin-opt=-pass-through=-lgcc -plugin-opt=-pass-through=-lgcc_s --sysroot=/ --build-id --eh-frame-hdr -m elf_x86_64 --hash-style=gnu --as-needed -export-dynamic -dynamic-linker /lib64/ld-linux-x86-64.so.2 -pie -z now -z relro -o cmTC_66730 /usr/lib/gcc/x86_64-linux-gnu/7/../../../x86_64-linux-gnu/Scrt1.o /usr/lib/gcc/x86_64-linux-gnu/7/../../../x86_64-linux-gnu/crti.o /usr/lib/gcc/x86_64-linux-gnu/7/crtbeginS.o -L/usr/lib/gcc/x86_64-linux-gnu/7 -L/usr/lib/gcc/x86_64-linux-gnu/7/../../../x86_64-linux-gnu -L/usr/lib/gcc/x86_64-linux-gnu/7/../../../../lib -L/lib/x86_64-linux-gnu -L/lib/../lib -L/usr/lib/x86_64-linux-gnu -L/usr/lib/../lib -L/usr/lib/gcc/x86_64-linux-gnu/7/../../.. CMakeFiles/cmTC_66730.dir/CMakeCCompilerABI.c.o -lgcc --push-state --as-needed -lgcc_s --pop-state -lc -lgcc --push-state --as-needed -lgcc_s --pop-state /usr/lib/gcc/x86_64-linux-gnu/7/crtendS.o /usr/lib/gcc/x86_64-linux-gnu/7/../../../x86_64-linux-gnu/crtn.o
COLLECT_GCC_OPTIONS='-v' '-rdynamic' '-o' 'cmTC_66730' '-mtune=generic' '-march=x86-64'
make[1]: Leaving directory '/home/neil/MIDI-Real-Time/fluidSynthAPI/CMakeFiles/CMakeTmp'


Parsed C implicit link information from above output:
  link line regex: [^( *|.*[/\])(ld|CMAKE_LINK_STARTFILE-NOTFOUND|([^/\]+-)?ld|collect2)[^/\]*( |$)]
  ignore line: [Change Dir: /home/neil/MIDI-Real-Time/fluidSynthAPI/CMakeFiles/CMakeTmp]
  ignore line: []
  ignore line: [Run Build Command:"/usr/bin/make" "cmTC_66730/fast"]
  ignore line: [/usr/bin/make -f CMakeFiles/cmTC_66730.dir/build.make CMakeFiles/cmTC_66730.dir/build]
  ignore line: [make[1]: Entering directory '/home/neil/MIDI-Real-Time/fluidSynthAPI/CMakeFiles/CMakeTmp']
  ignore line: [Building C object CMakeFiles/cmTC_66730.dir/CMakeCCompilerABI.c.o]
  ignore line: [/usr/bin/cc    -o CMakeFiles/cmTC_66730.dir/CMakeCCompilerABI.c.o   -c /usr/share/cmake-3.10/Modules/CMakeCCompilerABI.c]
  ignore line: [Linking C executable cmTC_66730]
  ignore line: [/usr/bin/cmake -E cmake_link_script CMakeFiles/cmTC_66730.dir/link.txt --verbose=1]
  ignore line: [/usr/bin/cc     -v -rdynamic CMakeFiles/cmTC_66730.dir/CMakeCCompilerABI.c.o  -o cmTC_66730 ]
  ignore line: [Using built-in specs.]
  ignore line: [COLLECT_GCC=/usr/bin/cc]
  ignore line: [COLLECT_LTO_WRAPPER=/usr/lib/gcc/x86_64-linux-gnu/7/lto-wrapper]
  ignore line: [OFFLOAD_TARGET_NAMES=nvptx-none]
  ignore line: [OFFLOAD_TARGET_DEFAULT=1]
  ignore line: [Target: x86_64-linux-gnu]
  ignore line: [Configured with: ../src/configure -v --with-pkgversion='Ubuntu 7.3.0-27ubuntu1~18.04' --with-bugurl=file:///usr/share/doc/gcc-7/README.Bugs --enable-languages=c,ada,c++,go,brig,d,fortran,objc,obj-c++ --prefix=/usr --with-gcc-major-version-only --program-suffix=-7 --program-prefix=x86_64-linux-gnu- --enable-shared --enable-linker-build-id --libexecdir=/usr/lib --without-included-gettext --enable-threads=posix --libdir=/usr/lib --enable-nls --with-sysroot=/ --enable-clocale=gnu --enable-libstdcxx-debug --enable-libstdcxx-time=yes --with-default-libstdcxx-abi=new --enable-gnu-unique-object --disable-vtable-verify --enable-libmpx --enable-plugin --enable-default-pie --with-system-zlib --with-target-system-zlib --enable-objc-gc=auto --enable-multiarch --disable-werror --with-arch-32=i686 --with-abi=m64 --with-multilib-list=m32,m64,mx32 --enable-multilib --with-tune=generic --enable-offload-targets=nvptx-none --without-cuda-driver --enable-checking=release --build=x86_64-linux-gnu --host=x86_64-linux-gnu --target=x86_64-linux-gnu]
  ignore line: [Thread model: posix]
  ignore line: [gcc version 7.3.0 (Ubuntu 7.3.0-27ubuntu1~18.04) ]
  ignore line: [COMPILER_PATH=/usr/lib/gcc/x86_64-linux-gnu/7/:/usr/lib/gcc/x86_64-linux-gnu/7/:/usr/lib/gcc/x86_64-linux-gnu/:/usr/lib/gcc/x86_64-linux-gnu/7/:/usr/lib/gcc/x86_64-linux-gnu/]
  ignore line: [LIBRARY_PATH=/usr/lib/gcc/x86_64-linux-gnu/7/:/usr/lib/gcc/x86_64-linux-gnu/7/../../../x86_64-linux-gnu/:/usr/lib/gcc/x86_64-linux-gnu/7/../../../../lib/:/lib/x86_64-linux-gnu/:/lib/../lib/:/usr/lib/x86_64-linux-gnu/:/usr/lib/../lib/:/usr/lib/gcc/x86_64-linux-gnu/7/../../../:/lib/:/usr/lib/]
  ignore line: [COLLECT_GCC_OPTIONS='-v' '-rdynamic' '-o' 'cmTC_66730' '-mtune=generic' '-march=x86-64']
  link line: [ /usr/lib/gcc/x86_64-linux-gnu/7/collect2 -plugin /usr/lib/gcc/x86_64-linux-gnu/7/liblto_plugin.so -plugin-opt=/usr/lib/gcc/x86_64-linux-gnu/7/lto-wrapper -plugin-opt=-fresolution=/tmp/ccpYdOMD.res -plugin-opt=-pass-through=-lgcc -plugin-opt=-pass-through=-lgcc_s -plugin-opt=-pass-through=-lc -plugin-opt=-pass-through=-lgcc -plugin-opt=-pass-through=-lgcc_s --sysroot=/ --build-id --eh-frame-hdr -m elf_x86_64 --hash-style=gnu --as-needed -export-dynamic -dynamic-linker /lib64/ld-linux-x86-64.so.2 -pie -z now -z relro -o cmTC_66730 /usr/lib/gcc/x86_64-linux-gnu/7/../../../x86_64-linux-gnu/Scrt1.o /usr/lib/gcc/x86_64-linux-gnu/7/../../../x86_64-linux-gnu/crti.o /usr/lib/gcc/x86_64-linux-gnu/7/crtbeginS.o -L/usr/lib/gcc/x86_64-linux-gnu/7 -L/usr/lib/gcc/x86_64-linux-gnu/7/../../../x86_64-linux-gnu -L/usr/lib/gcc/x86_64-linux-gnu/7/../../../../lib -L/lib/x86_64-linux-gnu -L/lib/../lib -L/usr/lib/x86_64-linux-gnu -L/usr/lib/../lib -L/usr/lib/gcc/x86_64-linux-gnu/7/../../.. CMakeFiles/cmTC_66730.dir/CMakeCCompilerABI.c.o -lgcc --push-state --as-needed -lgcc_s --pop-state -lc -lgcc --push-state --as-needed -lgcc_s --pop-state /usr/lib/gcc/x86_64-linux-gnu/7/crtendS.o /usr/lib/gcc/x86_64-linux-gnu/7/../../../x86_64-linux-gnu/crtn.o]
    arg [/usr/lib/gcc/x86_64-linux-gnu/7/collect2] ==> ignore
    arg [-plugin] ==> ignore
    arg [/usr/lib/gcc/x86_64-linux-gnu/7/liblto_plugin.so] ==> ignore
    arg [-plugin-opt=/usr/lib/gcc/x86_64-linux-gnu/7/lto-wrapper] ==> ignore
    arg [-plugin-opt=-fresolution=/tmp/ccpYdOMD.res] ==> ignore
    arg [-plugin-opt=-pass-through=-lgcc] ==> ignore
    arg [-plugin-opt=-pass-through=-lgcc_s] ==> ignore
    arg [-plugin-opt=-pass-through=-lc] ==> ignore
    arg [-plugin-opt=-pass-through=-lgcc] ==> ignore
    arg [-plugin-opt=-pass-through=-lgcc_s] ==> ignore
    arg [--sysroot=/] ==> ignore
    arg [--build-id] ==> ignore
    arg [--eh-frame-hdr] ==> ignore
    arg [-m] ==> ignore
    arg [elf_x86_64] ==> ignore
    arg [--hash-style=gnu] ==> ignore
    arg [--as-needed] ==> ignore
    arg [-export-dynamic] ==> ignore
    arg [-dynamic-linker] ==> ignore
    arg [/lib64/ld-linux-x86-64.so.2] ==> ignore
    arg [-pie] ==> ignore
    arg [-znow] ==> ignore
    arg [-zrelro] ==> ignore
    arg [-o] ==> ignore
    arg [cmTC_66730] ==> ignore
    arg [/usr/lib/gcc/x86_64-linux-gnu/7/../../../x86_64-linux-gnu/Scrt1.o] ==> ignore
    arg [/usr/lib/gcc/x86_64-linux-gnu/7/../../../x86_64-linux-gnu/crti.o] ==> ignore
    arg [/usr/lib/gcc/x86_64-linux-gnu/7/crtbeginS.o] ==> ignore
    arg [-L/usr/lib/gcc/x86_64-linux-gnu/7] ==> dir [/usr/lib/gcc/x86_64-linux-gnu/7]
    arg [-L/usr/lib/gcc/x86_64-linux-gnu/7/../../../x86_64-linux-gnu] ==> dir [/usr/lib/gcc/x86_64-linux-gnu/7/../../../x86_64-linux-gnu]
    arg [-L/usr/lib/gcc/x86_64-linux-gnu/7/../../../../lib] ==> dir [/usr/lib/gcc/x86_64-linux-gnu/7/../../../../lib]
    arg [-L/lib/x86_64-linux-gnu] ==> dir [/lib/x86_64-linux-gnu]
    arg [-L/lib/../lib] ==> dir [/lib/../lib]
    arg [-L/usr/lib/x86_64-linux-gnu] ==> dir [/usr/lib/x86_64-linux-gnu]
    arg [-L/usr/lib/../lib] ==> dir [/usr/lib/../lib]
    arg [-L/usr/lib/gcc/x86_64-linux-gnu/7/../../..] ==> dir [/usr/lib/gcc/x86_64-linux-gnu/7/../../..]
    arg [CMakeFiles/cmTC_66730.dir/CMakeCCompilerABI.c.o] ==> ignore
    arg [-lgcc] ==> lib [gcc]
    arg [--push-state] ==> ignore
    arg [--as-needed] ==> ignore
    arg [-lgcc_s] ==> lib [gcc_s]
    arg [--pop-state] ==> ignore
    arg [-lc] ==> lib [c]
    arg [-lgcc] ==> lib [gcc]
    arg [--push-state] ==> ignore
    arg [--as-needed] ==> ignore
    arg [-lgcc_s] ==> lib [gcc_s]
    arg [--pop-state] ==> ignore
    arg [/usr/lib/gcc/x86_64-linux-gnu/7/crtendS.o] ==> ignore
    arg [/usr/lib/gcc/x86_64-linux-gnu/7/../../../x86_64-linux-gnu/crtn.o] ==> ignore
  collapse library dir [/usr/lib/gcc/x86_64-linux-gnu/7] ==> [/usr/lib/gcc/x86_64-linux-gnu/7]
  collapse library dir [/usr/lib/gcc/x86_64-linux-gnu/7/../../../x86_64-linux-gnu] ==> [/usr/lib/x86_64-linux-gnu]
  collapse library dir [/usr/lib/gcc/x86_64-linux-gnu/7/../../../../lib] ==> [/usr/lib]
  collapse library dir [/lib/x86_64-linux-gnu] ==> [/lib/x86_64-linux-gnu]
  collapse library dir [/lib/../lib] ==> [/lib]
  collapse library dir [/usr/lib/x86_64-linux-gnu] ==> [/usr/lib/x86_64-linux-gnu]
  collapse library dir [/usr/lib/../lib] ==> [/usr/lib]
  collapse library dir [/usr/lib/gcc/x86_64-linux-gnu/7/../../..] ==> [/usr/lib]
  implicit libs: [gcc;gcc_s;c;gcc;gcc_s]
  implicit dirs: [/usr/lib/gcc/x86_64-linux-gnu/7;/usr/lib/x86_64-linux-gnu;/usr/lib;/lib/x86_64-linux-gnu;/lib]
  implicit fwks: []




Detecting C [-std=c11] compiler features compiled with the following output:
Change Dir: /home/neil/MIDI-Real-Time/fluidSynthAPI/CMakeFiles/CMakeTmp

Run Build Command:"/usr/bin/make" "cmTC_d782c/fast"
/usr/bin/make -f CMakeFiles/cmTC_d782c.dir/build.make CMakeFiles/cmTC_d782c.dir/build
make[1]: Entering directory '/home/neil/MIDI-Real-Time/fluidSynthAPI/CMakeFiles/CMakeTmp'
Building C object CMakeFiles/cmTC_d782c.dir/feature_tests.c.o
/usr/bin/cc   -std=c11 -o CMakeFiles/cmTC_d782c.dir/feature_tests.c.o   -c /home/neil/MIDI-Real-Time/fluidSynthAPI/CMakeFiles/feature_tests.c
Linking C executable cmTC_d782c
/usr/bin/cmake -E cmake_link_script CMakeFiles/cmTC_d782c.dir/link.txt --verbose=1
/usr/bin/cc      -rdynamic CMakeFiles/cmTC_d782c.dir/feature_tests.c.o  -o cmTC_d782c 
make[1]: Leaving directory '/home/neil/MIDI-Real-Time/fluidSynthAPI/CMakeFiles/CMakeTmp'


    Feature record: C_FEATURE:1c_function_prototypes
    Feature record: C_FEATURE:1c_restrict
    Feature record: C_FEATURE:1c_static_assert
    Feature record: C_FEATURE:1c_variadic_macros


Detecting C [-std=c99] compiler features compiled with the following output:
Change Dir: /home/neil/MIDI-Real-Time/fluidSynthAPI/CMakeFiles/CMakeTmp

Run Build Command:"/usr/bin/make" "cmTC_bbd05/fast"
/usr/bin/make -f CMakeFiles/cmTC_bbd05.dir/build.make CMakeFiles/cmTC_bbd05.dir/build
make[1]: Entering directory '/home/neil/MIDI-Real-Time/fluidSynthAPI/CMakeFiles/CMakeTmp'
Building C object CMakeFiles/cmTC_bbd05.dir/feature_tests.c.o
/usr/bin/cc   -std=c99 -o CMakeFiles/cmTC_bbd05.dir/feature_tests.c.o   -c /home/neil/MIDI-Real-Time/fluidSynthAPI/CMakeFiles/feature_tests.c
Linking C executable cmTC_bbd05
/usr/bin/cmake -E cmake_link_script CMakeFiles/cmTC_bbd05.dir/link.txt --verbose=1
/usr/bin/cc      -rdynamic CMakeFiles/cmTC_bbd05.dir/feature_tests.c.o  -o cmTC_bbd05 
make[1]: Leaving directory '/home/neil/MIDI-Real-Time/fluidSynthAPI/CMakeFiles/CMakeTmp'


    Feature record: C_FEATURE:1c_function_prototypes
    Feature record: C_FEATURE:1c_restrict
    Feature record: C_FEATURE:0c_static_assert
    Feature record: C_FEATURE:1c_variadic_macros


Detecting C [-std=c90] compiler features compiled with the following output:
Change Dir: /home/neil/MIDI-Real-Time/fluidSynthAPI/CMakeFiles/CMakeTmp

Run Build Command:"/usr/bin/make" "cmTC_6ebf6/fast"
/usr/bin/make -f CMakeFiles/cmTC_6ebf6.dir/build.make CMakeFiles/cmTC_6ebf6.dir/build
make[1]: Entering directory '/home/neil/MIDI-Real-Time/fluidSynthAPI/CMakeFiles/CMakeTmp'
Building C object CMakeFiles/cmTC_6ebf6.dir/feature_tests.c.o
/usr/bin/cc   -std=c90 -o CMakeFiles/cmTC_6ebf6.dir/feature_tests.c.o   -c /home/neil/MIDI-Real-Time/fluidSynthAPI/CMakeFiles/feature_tests.c
Linking C executable cmTC_6ebf6
/usr/bin/cmake -E cmake_link_script CMakeFiles/cmTC_6ebf6.dir/link.txt --verbose=1
/usr/bin/cc      -rdynamic CMakeFiles/cmTC_6ebf6.dir/feature_tests.c.o  -o cmTC_6ebf6 
make[1]: Leaving directory '/home/neil/MIDI-Real-Time/fluidSynthAPI/CMakeFiles/CMakeTmp'


    Feature record: C_FEATURE:1c_function_prototypes
    Feature record: C_FEATURE:0c_restrict
    Feature record: C_FEATURE:0c_static_assert
    Feature record: C_FEATURE:0c_variadic_macros
Determining if files dlfcn.h;stdint.h;stddef.h;inttypes.h;stdlib.h;strings.h;string.h;float.h exist passed with the following output:
Change Dir: /home/neil/MIDI-Real-Time/fluidSynthAPI/CMakeFiles/CMakeTmp

Run Build Command:"/usr/bin/make" "cmTC_7ba05/fast"
/usr/bin/make -f CMakeFiles/cmTC_7ba05.dir/build.make CMakeFiles/cmTC_7ba05.dir/build
make[1]: Entering directory '/home/neil/MIDI-Real-Time/fluidSynthAPI/CMakeFiles/CMakeTmp'
Building C object CMakeFiles/cmTC_7ba05.dir/CheckIncludeFiles.c.o
/usr/bin/cc   -fPIE   -o CMakeFiles/cmTC_7ba05.dir/CheckIncludeFiles.c.o   -c /home/neil/MIDI-Real-Time/fluidSynthAPI/CMakeFiles/CMakeTmp/CheckIncludeFiles.c
Linking C executable cmTC_7ba05
/usr/bin/cmake -E cmake_link_script CMakeFiles/cmTC_7ba05.dir/link.txt --verbose=1
/usr/bin/cc      -rdynamic CMakeFiles/cmTC_7ba05.dir/CheckIncludeFiles.c.o  -o cmTC_7ba05 
make[1]: Leaving directory '/home/neil/MIDI-Real-Time/fluidSynthAPI/CMakeFiles/CMakeTmp'


Performing C SOURCE FILE Test memchrExists succeeded with the following output:
Change Dir: /home/neil/MIDI-Real-Time/fluidSynthAPI/CMakeFiles/CMakeTmp

Run Build Command:"/usr/bin/make" "cmTC_04832/fast"
/usr/bin/make -f CMakeFiles/cmTC_04832.dir/build.make CMakeFiles/cmTC_04832.dir/build
make[1]: Entering directory '/home/neil/MIDI-Real-Time/fluidSynthAPI/CMakeFiles/CMakeTmp'
Building C object CMakeFiles/cmTC_04832.dir/src.c.o
/usr/bin/cc   -DmemchrExists -fPIE   -o CMakeFiles/cmTC_04832.dir/src.c.o   -c /home/neil/MIDI-Real-Time/fluidSynthAPI/CMakeFiles/CMakeTmp/src.c
Linking C executable cmTC_04832
/usr/bin/cmake -E cmake_link_script CMakeFiles/cmTC_04832.dir/link.txt --verbose=1
/usr/bin/cc  -DmemchrExists    -rdynamic CMakeFiles/cmTC_04832.dir/src.c.o  -o cmTC_04832 
make[1]: Leaving directory '/home/neil/MIDI-Real-Time/fluidSynthAPI/CMakeFiles/CMakeTmp'

Source file was:

#include <string.h>

int main()
{
#ifndef memchr
   int i = sizeof(&memchr);
#endif
  return 0;
}

Performing C SOURCE FILE Test freeExists succeeded with the following output:
Change Dir: /home/neil/MIDI-Real-Time/fluidSynthAPI/CMakeFiles/CMakeTmp

Run Build Command:"/usr/bin/make" "cmTC_d1822/fast"
/usr/bin/make -f CMakeFiles/cmTC_d1822.dir/build.make CMakeFiles/cmTC_d1822.dir/build
make[1]: Entering directory '/home/neil/MIDI-Real-Time/fluidSynthAPI/CMakeFiles/CMakeTmp'
Building C object CMakeFiles/cmTC_d1822.dir/src.c.o
/usr/bin/cc   -DfreeExists -fPIE   -o CMakeFiles/cmTC_d1822.dir/src.c.o   -c /home/neil/MIDI-Real-Time/fluidSynthAPI/CMakeFiles/CMakeTmp/src.c
Linking C executable cmTC_d1822
/usr/bin/cmake -E cmake_link_script CMakeFiles/cmTC_d1822.dir/link.txt --verbose=1
/usr/bin/cc  -DfreeExists    -rdynamic CMakeFiles/cmTC_d1822.dir/src.c.o  -o cmTC_d1822 
make[1]: Leaving directory '/home/neil/MIDI-Real-Time/fluidSynthAPI/CMakeFiles/CMakeTmp'

Source file was:

#include <stdlib.h>

int main()
{
#ifndef free
   int i = sizeof(&free);
#endif
  return 0;
}

Determining if files unistd.h exist passed with the following output:
Change Dir: /home/neil/MIDI-Real-Time/fluidSynthAPI/CMakeFiles/CMakeTmp

Run Build Command:"/usr/bin/make" "cmTC_daba3/fast"
/usr/bin/make -f CMakeFiles/cmTC_daba3.dir/build.make CMakeFiles/cmTC_daba3.dir/build
make[1]: Entering directory '/home/neil/MIDI-Real-Time/fluidSynthAPI/CMakeFiles/CMakeTmp'
Building C object CMakeFiles/cmTC_daba3.dir/CheckIncludeFiles.c.o
/usr/bin/cc   -fPIE   -o CMakeFiles/cmTC_daba3.dir/CheckIncludeFiles.c.o   -c /home/neil/MIDI-Real-Time/fluidSynthAPI/CMakeFiles/CMakeTmp/CheckIncludeFiles.c
Linking C executable cmTC_daba3
/usr/bin/cmake -E cmake_link_script CMakeFiles/cmTC_daba3.dir/link.txt --verbose=1
/usr/bin/cc      -rdynamic CMakeFiles/cmTC_daba3.dir/CheckIncludeFiles.c.o  -o cmTC_daba3 
make[1]: Leaving directory '/home/neil/MIDI-Real-Time/fluidSynthAPI/CMakeFiles/CMakeTmp'


Determining if the DIR symbol is defined as in AC_HEADER_DIRENT passed with the following output:
Change Dir: /home/neil/MIDI-Real-Time/fluidSynthAPI/CMakeFiles/CMakeTmp

Run Build Command:"/usr/bin/make" "cmTC_605a2/fast"
/usr/bin/make -f CMakeFiles/cmTC_605a2.dir/build.make CMakeFiles/cmTC_605a2.dir/build
make[1]: Entering directory '/home/neil/MIDI-Real-Time/fluidSynthAPI/CMakeFiles/CMakeTmp'
Building C object CMakeFiles/cmTC_605a2.dir/CheckDIRSymbolExists.c.o
/usr/bin/cc   -fPIE   -o CMakeFiles/cmTC_605a2.dir/CheckDIRSymbolExists.c.o   -c /home/neil/MIDI-Real-Time/fluidSynthAPI/CMakeFiles/CMakeTmp/CheckDIRSymbolExists.c
Linking C executable cmTC_605a2
/usr/bin/cmake -E cmake_link_script CMakeFiles/cmTC_605a2.dir/link.txt --verbose=1
/usr/bin/cc      -rdynamic CMakeFiles/cmTC_605a2.dir/CheckDIRSymbolExists.c.o  -o cmTC_605a2 
make[1]: Leaving directory '/home/neil/MIDI-Real-Time/fluidSynthAPI/CMakeFiles/CMakeTmp'

File /home/neil/MIDI-Real-Time/fluidSynthAPI/CMakeFiles/CMakeTmp/CheckDIRSymbolExists.c:
/* */
#include <sys/stat.h>
#include <sys/types.h>
#include <dirent.h>

int main()
{if ((DIR *) 0) return 0;}

Determining if the include file stdio.h exists passed with the following output:
Change Dir: /home/neil/MIDI-Real-Time/fluidSynthAPI/CMakeFiles/CMakeTmp

Run Build Command:"/usr/bin/make" "cmTC_56ba0/fast"
/usr/bin/make -f CMakeFiles/cmTC_56ba0.dir/build.make CMakeFiles/cmTC_56ba0.dir/build
make[1]: Entering directory '/home/neil/MIDI-Real-Time/fluidSynthAPI/CMakeFiles/CMakeTmp'
Building C object CMakeFiles/cmTC_56ba0.dir/CheckIncludeFile.c.o
/usr/bin/cc   -fPIE   -o CMakeFiles/cmTC_56ba0.dir/CheckIncludeFile.c.o   -c /home/neil/MIDI-Real-Time/fluidSynthAPI/CMakeFiles/CMakeTmp/CheckIncludeFile.c
Linking C executable cmTC_56ba0
/usr/bin/cmake -E cmake_link_script CMakeFiles/cmTC_56ba0.dir/link.txt --verbose=1
/usr/bin/cc      -rdynamic CMakeFiles/cmTC_56ba0.dir/CheckIncludeFile.c.o  -o cmTC_56ba0 
make[1]: Leaving directory '/home/neil/MIDI-Real-Time/fluidSynthAPI/CMakeFiles/CMakeTmp'


Determining if the include file math.h exists passed with the following output:
Change Dir: /home/neil/MIDI-Real-Time/fluidSynthAPI/CMakeFiles/CMakeTmp

Run Build Command:"/usr/bin/make" "cmTC_42cc7/fast"
/usr/bin/make -f CMakeFiles/cmTC_42cc7.dir/build.make CMakeFiles/cmTC_42cc7.dir/build
make[1]: Entering directory '/home/neil/MIDI-Real-Time/fluidSynthAPI/CMakeFiles/CMakeTmp'
Building C object CMakeFiles/cmTC_42cc7.dir/CheckIncludeFile.c.o
/usr/bin/cc   -fPIE   -o CMakeFiles/cmTC_42cc7.dir/CheckIncludeFile.c.o   -c /home/neil/MIDI-Real-Time/fluidSynthAPI/CMakeFiles/CMakeTmp/CheckIncludeFile.c
Linking C executable cmTC_42cc7
/usr/bin/cmake -E cmake_link_script CMakeFiles/cmTC_42cc7.dir/link.txt --verbose=1
/usr/bin/cc      -rdynamic CMakeFiles/cmTC_42cc7.dir/CheckIncludeFile.c.o  -o cmTC_42cc7 
make[1]: Leaving directory '/home/neil/MIDI-Real-Time/fluidSynthAPI/CMakeFiles/CMakeTmp'


Determining if the include file errno.h exists passed with the following output:
Change Dir: /home/neil/MIDI-Real-Time/fluidSynthAPI/CMakeFiles/CMakeTmp

Run Build Command:"/usr/bin/make" "cmTC_08d3e/fast"
/usr/bin/make -f CMakeFiles/cmTC_08d3e.dir/build.make CMakeFiles/cmTC_08d3e.dir/build
make[1]: Entering directory '/home/neil/MIDI-Real-Time/fluidSynthAPI/CMakeFiles/CMakeTmp'
Building C object CMakeFiles/cmTC_08d3e.dir/CheckIncludeFile.c.o
/usr/bin/cc   -fPIE   -o CMakeFiles/cmTC_08d3e.dir/CheckIncludeFile.c.o   -c /home/neil/MIDI-Real-Time/fluidSynthAPI/CMakeFiles/CMakeTmp/CheckIncludeFile.c
Linking C executable cmTC_08d3e
/usr/bin/cmake -E cmake_link_script CMakeFiles/cmTC_08d3e.dir/link.txt --verbose=1
/usr/bin/cc      -rdynamic CMakeFiles/cmTC_08d3e.dir/CheckIncludeFile.c.o  -o cmTC_08d3e 
make[1]: Leaving directory '/home/neil/MIDI-Real-Time/fluidSynthAPI/CMakeFiles/CMakeTmp'


Determining if the include file stdarg.h exists passed with the following output:
Change Dir: /home/neil/MIDI-Real-Time/fluidSynthAPI/CMakeFiles/CMakeTmp

Run Build Command:"/usr/bin/make" "cmTC_47232/fast"
/usr/bin/make -f CMakeFiles/cmTC_47232.dir/build.make CMakeFiles/cmTC_47232.dir/build
make[1]: Entering directory '/home/neil/MIDI-Real-Time/fluidSynthAPI/CMakeFiles/CMakeTmp'
Building C object CMakeFiles/cmTC_47232.dir/CheckIncludeFile.c.o
/usr/bin/cc   -fPIE   -o CMakeFiles/cmTC_47232.dir/CheckIncludeFile.c.o   -c /home/neil/MIDI-Real-Time/fluidSynthAPI/CMakeFiles/CMakeTmp/CheckIncludeFile.c
Linking C executable cmTC_47232
/usr/bin/cmake -E cmake_link_script CMakeFiles/cmTC_47232.dir/link.txt --verbose=1
/usr/bin/cc      -rdynamic CMakeFiles/cmTC_47232.dir/CheckIncludeFile.c.o  -o cmTC_47232 
make[1]: Leaving directory '/home/neil/MIDI-Real-Time/fluidSynthAPI/CMakeFiles/CMakeTmp'


Determining if the include file sys/mman.h exists passed with the following output:
Change Dir: /home/neil/MIDI-Real-Time/fluidSynthAPI/CMakeFiles/CMakeTmp

Run Build Command:"/usr/bin/make" "cmTC_d2571/fast"
/usr/bin/make -f CMakeFiles/cmTC_d2571.dir/build.make CMakeFiles/cmTC_d2571.dir/build
make[1]: Entering directory '/home/neil/MIDI-Real-Time/fluidSynthAPI/CMakeFiles/CMakeTmp'
Building C object CMakeFiles/cmTC_d2571.dir/CheckIncludeFile.c.o
/usr/bin/cc   -fPIE   -o CMakeFiles/cmTC_d2571.dir/CheckIncludeFile.c.o   -c /home/neil/MIDI-Real-Time/fluidSynthAPI/CMakeFiles/CMakeTmp/CheckIncludeFile.c
Linking C executable cmTC_d2571
/usr/bin/cmake -E cmake_link_script CMakeFiles/cmTC_d2571.dir/link.txt --verbose=1
/usr/bin/cc      -rdynamic CMakeFiles/cmTC_d2571.dir/CheckIncludeFile.c.o  -o cmTC_d2571 
make[1]: Leaving directory '/home/neil/MIDI-Real-Time/fluidSynthAPI/CMakeFiles/CMakeTmp'


Determining if the include file sys/time.h exists passed with the following output:
Change Dir: /home/neil/MIDI-Real-Time/fluidSynthAPI/CMakeFiles/CMakeTmp

Run Build Command:"/usr/bin/make" "cmTC_1c252/fast"
/usr/bin/make -f CMakeFiles/cmTC_1c252.dir/build.make CMakeFiles/cmTC_1c252.dir/build
make[1]: Entering directory '/home/neil/MIDI-Real-Time/fluidSynthAPI/CMakeFiles/CMakeTmp'
Building C object CMakeFiles/cmTC_1c252.dir/CheckIncludeFile.c.o
/usr/bin/cc   -fPIE   -o CMakeFiles/cmTC_1c252.dir/CheckIncludeFile.c.o   -c /home/neil/MIDI-Real-Time/fluidSynthAPI/CMakeFiles/CMakeTmp/CheckIncludeFile.c
Linking C executable cmTC_1c252
/usr/bin/cmake -E cmake_link_script CMakeFiles/cmTC_1c252.dir/link.txt --verbose=1
/usr/bin/cc      -rdynamic CMakeFiles/cmTC_1c252.dir/CheckIncludeFile.c.o  -o cmTC_1c252 
make[1]: Leaving directory '/home/neil/MIDI-Real-Time/fluidSynthAPI/CMakeFiles/CMakeTmp'


Determining if the include file fcntl.h exists passed with the following output:
Change Dir: /home/neil/MIDI-Real-Time/fluidSynthAPI/CMakeFiles/CMakeTmp

Run Build Command:"/usr/bin/make" "cmTC_f7193/fast"
/usr/bin/make -f CMakeFiles/cmTC_f7193.dir/build.make CMakeFiles/cmTC_f7193.dir/build
make[1]: Entering directory '/home/neil/MIDI-Real-Time/fluidSynthAPI/CMakeFiles/CMakeTmp'
Building C object CMakeFiles/cmTC_f7193.dir/CheckIncludeFile.c.o
/usr/bin/cc   -fPIE   -o CMakeFiles/cmTC_f7193.dir/CheckIncludeFile.c.o   -c /home/neil/MIDI-Real-Time/fluidSynthAPI/CMakeFiles/CMakeTmp/CheckIncludeFile.c
Linking C executable cmTC_f7193
/usr/bin/cmake -E cmake_link_script CMakeFiles/cmTC_f7193.dir/link.txt --verbose=1
/usr/bin/cc      -rdynamic CMakeFiles/cmTC_f7193.dir/CheckIncludeFile.c.o  -o cmTC_f7193 
make[1]: Leaving directory '/home/neil/MIDI-Real-Time/fluidSynthAPI/CMakeFiles/CMakeTmp'


Determining if the include file sys/socket.h exists passed with the following output:
Change Dir: /home/neil/MIDI-Real-Time/fluidSynthAPI/CMakeFiles/CMakeTmp

Run Build Command:"/usr/bin/make" "cmTC_808f0/fast"
/usr/bin/make -f CMakeFiles/cmTC_808f0.dir/build.make CMakeFiles/cmTC_808f0.dir/build
make[1]: Entering directory '/home/neil/MIDI-Real-Time/fluidSynthAPI/CMakeFiles/CMakeTmp'
Building C object CMakeFiles/cmTC_808f0.dir/CheckIncludeFile.c.o
/usr/bin/cc   -fPIE   -o CMakeFiles/cmTC_808f0.dir/CheckIncludeFile.c.o   -c /home/neil/MIDI-Real-Time/fluidSynthAPI/CMakeFiles/CMakeTmp/CheckIncludeFile.c
Linking C executable cmTC_808f0
/usr/bin/cmake -E cmake_link_script CMakeFiles/cmTC_808f0.dir/link.txt --verbose=1
/usr/bin/cc      -rdynamic CMakeFiles/cmTC_808f0.dir/CheckIncludeFile.c.o  -o cmTC_808f0 
make[1]: Leaving directory '/home/neil/MIDI-Real-Time/fluidSynthAPI/CMakeFiles/CMakeTmp'


Determining if the include file netinet/in.h exists passed with the following output:
Change Dir: /home/neil/MIDI-Real-Time/fluidSynthAPI/CMakeFiles/CMakeTmp

Run Build Command:"/usr/bin/make" "cmTC_91583/fast"
/usr/bin/make -f CMakeFiles/cmTC_91583.dir/build.make CMakeFiles/cmTC_91583.dir/build
make[1]: Entering directory '/home/neil/MIDI-Real-Time/fluidSynthAPI/CMakeFiles/CMakeTmp'
Building C object CMakeFiles/cmTC_91583.dir/CheckIncludeFile.c.o
/usr/bin/cc   -fPIE   -o CMakeFiles/cmTC_91583.dir/CheckIncludeFile.c.o   -c /home/neil/MIDI-Real-Time/fluidSynthAPI/CMakeFiles/CMakeTmp/CheckIncludeFile.c
Linking C executable cmTC_91583
/usr/bin/cmake -E cmake_link_script CMakeFiles/cmTC_91583.dir/link.txt --verbose=1
/usr/bin/cc      -rdynamic CMakeFiles/cmTC_91583.dir/CheckIncludeFile.c.o  -o cmTC_91583 
make[1]: Leaving directory '/home/neil/MIDI-Real-Time/fluidSynthAPI/CMakeFiles/CMakeTmp'


Determining if the include file netinet/tcp.h exists passed with the following output:
Change Dir: /home/neil/MIDI-Real-Time/fluidSynthAPI/CMakeFiles/CMakeTmp

Run Build Command:"/usr/bin/make" "cmTC_5d583/fast"
/usr/bin/make -f CMakeFiles/cmTC_5d583.dir/build.make CMakeFiles/cmTC_5d583.dir/build
make[1]: Entering directory '/home/neil/MIDI-Real-Time/fluidSynthAPI/CMakeFiles/CMakeTmp'
Building C object CMakeFiles/cmTC_5d583.dir/CheckIncludeFile.c.o
/usr/bin/cc   -fPIE   -o CMakeFiles/cmTC_5d583.dir/CheckIncludeFile.c.o   -c /home/neil/MIDI-Real-Time/fluidSynthAPI/CMakeFiles/CMakeTmp/CheckIncludeFile.c
Linking C executable cmTC_5d583
/usr/bin/cmake -E cmake_link_script CMakeFiles/cmTC_5d583.dir/link.txt --verbose=1
/usr/bin/cc      -rdynamic CMakeFiles/cmTC_5d583.dir/CheckIncludeFile.c.o  -o cmTC_5d583 
make[1]: Leaving directory '/home/neil/MIDI-Real-Time/fluidSynthAPI/CMakeFiles/CMakeTmp'


Determining if the include file arpa/inet.h exists passed with the following output:
Change Dir: /home/neil/MIDI-Real-Time/fluidSynthAPI/CMakeFiles/CMakeTmp

Run Build Command:"/usr/bin/make" "cmTC_28b65/fast"
/usr/bin/make -f CMakeFiles/cmTC_28b65.dir/build.make CMakeFiles/cmTC_28b65.dir/build
make[1]: Entering directory '/home/neil/MIDI-Real-Time/fluidSynthAPI/CMakeFiles/CMakeTmp'
Building C object CMakeFiles/cmTC_28b65.dir/CheckIncludeFile.c.o
/usr/bin/cc   -fPIE   -o CMakeFiles/cmTC_28b65.dir/CheckIncludeFile.c.o   -c /home/neil/MIDI-Real-Time/fluidSynthAPI/CMakeFiles/CMakeTmp/CheckIncludeFile.c
Linking C executable cmTC_28b65
/usr/bin/cmake -E cmake_link_script CMakeFiles/cmTC_28b65.dir/link.txt --verbose=1
/usr/bin/cc      -rdynamic CMakeFiles/cmTC_28b65.dir/CheckIncludeFile.c.o  -o cmTC_28b65 
make[1]: Leaving directory '/home/neil/MIDI-Real-Time/fluidSynthAPI/CMakeFiles/CMakeTmp'


Determining if the include file limits.h exists passed with the following output:
Change Dir: /home/neil/MIDI-Real-Time/fluidSynthAPI/CMakeFiles/CMakeTmp

Run Build Command:"/usr/bin/make" "cmTC_fb83b/fast"
/usr/bin/make -f CMakeFiles/cmTC_fb83b.dir/build.make CMakeFiles/cmTC_fb83b.dir/build
make[1]: Entering directory '/home/neil/MIDI-Real-Time/fluidSynthAPI/CMakeFiles/CMakeTmp'
Building C object CMakeFiles/cmTC_fb83b.dir/CheckIncludeFile.c.o
/usr/bin/cc   -fPIE   -o CMakeFiles/cmTC_fb83b.dir/CheckIncludeFile.c.o   -c /home/neil/MIDI-Real-Time/fluidSynthAPI/CMakeFiles/CMakeTmp/CheckIncludeFile.c
Linking C executable cmTC_fb83b
/usr/bin/cmake -E cmake_link_script CMakeFiles/cmTC_fb83b.dir/link.txt --verbose=1
/usr/bin/cc      -rdynamic CMakeFiles/cmTC_fb83b.dir/CheckIncludeFile.c.o  -o cmTC_fb83b 
make[1]: Leaving directory '/home/neil/MIDI-Real-Time/fluidSynthAPI/CMakeFiles/CMakeTmp'


Determining if the include file pthread.h exists passed with the following output:
Change Dir: /home/neil/MIDI-Real-Time/fluidSynthAPI/CMakeFiles/CMakeTmp

Run Build Command:"/usr/bin/make" "cmTC_551ed/fast"
/usr/bin/make -f CMakeFiles/cmTC_551ed.dir/build.make CMakeFiles/cmTC_551ed.dir/build
make[1]: Entering directory '/home/neil/MIDI-Real-Time/fluidSynthAPI/CMakeFiles/CMakeTmp'
Building C object CMakeFiles/cmTC_551ed.dir/CheckIncludeFile.c.o
/usr/bin/cc   -fPIE   -o CMakeFiles/cmTC_551ed.dir/CheckIncludeFile.c.o   -c /home/neil/MIDI-Real-Time/fluidSynthAPI/CMakeFiles/CMakeTmp/CheckIncludeFile.c
Linking C executable cmTC_551ed
/usr/bin/cmake -E cmake_link_script CMakeFiles/cmTC_551ed.dir/link.txt --verbose=1
/usr/bin/cc      -rdynamic CMakeFiles/cmTC_551ed.dir/CheckIncludeFile.c.o  -o cmTC_551ed 
make[1]: Leaving directory '/home/neil/MIDI-Real-Time/fluidSynthAPI/CMakeFiles/CMakeTmp'


Determining if the include file signal.h exists passed with the following output:
Change Dir: /home/neil/MIDI-Real-Time/fluidSynthAPI/CMakeFiles/CMakeTmp

Run Build Command:"/usr/bin/make" "cmTC_3c98c/fast"
/usr/bin/make -f CMakeFiles/cmTC_3c98c.dir/build.make CMakeFiles/cmTC_3c98c.dir/build
make[1]: Entering directory '/home/neil/MIDI-Real-Time/fluidSynthAPI/CMakeFiles/CMakeTmp'
Building C object CMakeFiles/cmTC_3c98c.dir/CheckIncludeFile.c.o
/usr/bin/cc   -fPIE   -o CMakeFiles/cmTC_3c98c.dir/CheckIncludeFile.c.o   -c /home/neil/MIDI-Real-Time/fluidSynthAPI/CMakeFiles/CMakeTmp/CheckIncludeFile.c
Linking C executable cmTC_3c98c
/usr/bin/cmake -E cmake_link_script CMakeFiles/cmTC_3c98c.dir/link.txt --verbose=1
/usr/bin/cc      -rdynamic CMakeFiles/cmTC_3c98c.dir/CheckIncludeFile.c.o  -o cmTC_3c98c 
make[1]: Leaving directory '/home/neil/MIDI-Real-Time/fluidSynthAPI/CMakeFiles/CMakeTmp'


Determining if the include file getopt.h exists passed with the following output:
Change Dir: /home/neil/MIDI-Real-Time/fluidSynthAPI/CMakeFiles/CMakeTmp

Run Build Command:"/usr/bin/make" "cmTC_d671f/fast"
/usr/bin/make -f CMakeFiles/cmTC_d671f.dir/build.make CMakeFiles/cmTC_d671f.dir/build
make[1]: Entering directory '/home/neil/MIDI-Real-Time/fluidSynthAPI/CMakeFiles/CMakeTmp'
Building C object CMakeFiles/cmTC_d671f.dir/CheckIncludeFile.c.o
/usr/bin/cc   -fPIE   -o CMakeFiles/cmTC_d671f.dir/CheckIncludeFile.c.o   -c /home/neil/MIDI-Real-Time/fluidSynthAPI/CMakeFiles/CMakeTmp/CheckIncludeFile.c
Linking C executable cmTC_d671f
/usr/bin/cmake -E cmake_link_script CMakeFiles/cmTC_d671f.dir/link.txt --verbose=1
/usr/bin/cc      -rdynamic CMakeFiles/cmTC_d671f.dir/CheckIncludeFile.c.o  -o cmTC_d671f 
make[1]: Leaving directory '/home/neil/MIDI-Real-Time/fluidSynthAPI/CMakeFiles/CMakeTmp'


Performing C SOURCE FILE Test _have_inline succeeded with the following output:
Change Dir: /home/neil/MIDI-Real-Time/fluidSynthAPI/CMakeFiles/CMakeTmp

Run Build Command:"/usr/bin/make" "cmTC_07b67/fast"
/usr/bin/make -f CMakeFiles/cmTC_07b67.dir/build.make CMakeFiles/cmTC_07b67.dir/build
make[1]: Entering directory '/home/neil/MIDI-Real-Time/fluidSynthAPI/CMakeFiles/CMakeTmp'
Building C object CMakeFiles/cmTC_07b67.dir/src.c.o
/usr/bin/cc -DTESTKEYWORD=inline  -D_have_inline -fPIE   -o CMakeFiles/cmTC_07b67.dir/src.c.o   -c /home/neil/MIDI-Real-Time/fluidSynthAPI/CMakeFiles/CMakeTmp/src.c
Linking C executable cmTC_07b67
/usr/bin/cmake -E cmake_link_script CMakeFiles/cmTC_07b67.dir/link.txt --verbose=1
/usr/bin/cc  -D_have_inline    -rdynamic CMakeFiles/cmTC_07b67.dir/src.c.o  -o cmTC_07b67 
make[1]: Leaving directory '/home/neil/MIDI-Real-Time/fluidSynthAPI/CMakeFiles/CMakeTmp'

Source file was:
typedef int foo_t;
             static TESTKEYWORD foo_t static_foo(){return 0;}
             foo_t foo(){return 0;}
             int main(int argc, char *argv[]){return 0;}
Performing C SOURCE FILE Test _have_vla succeeded with the following output:
Change Dir: /home/neil/MIDI-Real-Time/fluidSynthAPI/CMakeFiles/CMakeTmp

Run Build Command:"/usr/bin/make" "cmTC_2e09c/fast"
/usr/bin/make -f CMakeFiles/cmTC_2e09c.dir/build.make CMakeFiles/cmTC_2e09c.dir/build
make[1]: Entering directory '/home/neil/MIDI-Real-Time/fluidSynthAPI/CMakeFiles/CMakeTmp'
Building C object CMakeFiles/cmTC_2e09c.dir/src.c.o
/usr/bin/cc -DTESTKEYWORD=inline  -D_have_vla -fPIE   -o CMakeFiles/cmTC_2e09c.dir/src.c.o   -c /home/neil/MIDI-Real-Time/fluidSynthAPI/CMakeFiles/CMakeTmp/src.c
Linking C executable cmTC_2e09c
/usr/bin/cmake -E cmake_link_script CMakeFiles/cmTC_2e09c.dir/link.txt --verbose=1
/usr/bin/cc  -D_have_vla    -rdynamic CMakeFiles/cmTC_2e09c.dir/src.c.o  -o cmTC_2e09c 
make[1]: Leaving directory '/home/neil/MIDI-Real-Time/fluidSynthAPI/CMakeFiles/CMakeTmp'

Source file was:
int main(int argc, char *argv[]){int arr[argc]; return 0;}
Determining size of unsigned short passed with the following output:
Change Dir: /home/neil/MIDI-Real-Time/fluidSynthAPI/CMakeFiles/CMakeTmp

Run Build Command:"/usr/bin/make" "cmTC_2be8f/fast"
/usr/bin/make -f CMakeFiles/cmTC_2be8f.dir/build.make CMakeFiles/cmTC_2be8f.dir/build
make[1]: Entering directory '/home/neil/MIDI-Real-Time/fluidSynthAPI/CMakeFiles/CMakeTmp'
Building C object CMakeFiles/cmTC_2be8f.dir/CMAKE_SIZEOF_UNSIGNED_SHORT.c.o
/usr/bin/cc -DTESTKEYWORD=inline  -fPIE   -o CMakeFiles/cmTC_2be8f.dir/CMAKE_SIZEOF_UNSIGNED_SHORT.c.o   -c /home/neil/MIDI-Real-Time/fluidSynthAPI/CMakeFiles/CheckTypeSize/CMAKE_SIZEOF_UNSIGNED_SHORT.c
Linking C executable cmTC_2be8f
/usr/bin/cmake -E cmake_link_script CMakeFiles/cmTC_2be8f.dir/link.txt --verbose=1
/usr/bin/cc      -rdynamic CMakeFiles/cmTC_2be8f.dir/CMAKE_SIZEOF_UNSIGNED_SHORT.c.o  -o cmTC_2be8f 
make[1]: Leaving directory '/home/neil/MIDI-Real-Time/fluidSynthAPI/CMakeFiles/CMakeTmp'


Determining if the system is big endian passed with the following output:
Change Dir: /home/neil/MIDI-Real-Time/fluidSynthAPI/CMakeFiles/CMakeTmp

Run Build Command:"/usr/bin/make" "cmTC_0a2f0/fast"
/usr/bin/make -f CMakeFiles/cmTC_0a2f0.dir/build.make CMakeFiles/cmTC_0a2f0.dir/build
make[1]: Entering directory '/home/neil/MIDI-Real-Time/fluidSynthAPI/CMakeFiles/CMakeTmp'
Building C object CMakeFiles/cmTC_0a2f0.dir/TestEndianess.c.o
/usr/bin/cc   -fPIE   -o CMakeFiles/cmTC_0a2f0.dir/TestEndianess.c.o   -c /home/neil/MIDI-Real-Time/fluidSynthAPI/CMakeFiles/CMakeTmp/TestEndianess.c
Linking C executable cmTC_0a2f0
/usr/bin/cmake -E cmake_link_script CMakeFiles/cmTC_0a2f0.dir/link.txt --verbose=1
/usr/bin/cc      -rdynamic CMakeFiles/cmTC_0a2f0.dir/TestEndianess.c.o  -o cmTC_0a2f0 
make[1]: Leaving directory '/home/neil/MIDI-Real-Time/fluidSynthAPI/CMakeFiles/CMakeTmp'

TestEndianess.c:
/* A 16 bit integer is required. */
typedef unsigned short cmakeint16;

/* On a little endian machine, these 16bit ints will give "THIS IS LITTLE ENDIAN."
   On a big endian machine the characters will be exchanged pairwise. */
const cmakeint16 info_little[] =  {0x4854, 0x5349, 0x4920, 0x2053, 0x494c, 0x5454, 0x454c, 0x4520, 0x444e, 0x4149, 0x2e4e, 0x0000};

/* on a big endian machine, these 16bit ints will give "THIS IS BIG ENDIAN."
   On a little endian machine the characters will be exchanged pairwise. */
const cmakeint16 info_big[] =     {0x5448, 0x4953, 0x2049, 0x5320, 0x4249, 0x4720, 0x454e, 0x4449, 0x414e, 0x2e2e, 0x0000};

#ifdef __CLASSIC_C__
int main(argc, argv) int argc; char *argv[];
#else
int main(int argc, char *argv[])
#endif
{
  int require = 0;
  require += info_little[argc];
  require += info_big[argc];
  (void)argv;
  return require;
}


Determining if the include file pthread.h exists passed with the following output:
Change Dir: /home/neil/MIDI-Real-Time/fluidSynthAPI/CMakeFiles/CMakeTmp

Run Build Command:"/usr/bin/make" "cmTC_f973a/fast"
/usr/bin/make -f CMakeFiles/cmTC_f973a.dir/build.make CMakeFiles/cmTC_f973a.dir/build
make[1]: Entering directory '/home/neil/MIDI-Real-Time/fluidSynthAPI/CMakeFiles/CMakeTmp'
Building C object CMakeFiles/cmTC_f973a.dir/CheckIncludeFile.c.o
/usr/bin/cc -DTESTKEYWORD=inline  -Wall -W -Wpointer-arith -Wcast-qual -Wstrict-prototypes -Wno-unused-parameter -Wdeclaration-after-statement -Werror=implicit-function-declaration -Wbad-function-cast -Wcast-align  -fPIE   -o CMakeFiles/cmTC_f973a.dir/CheckIncludeFile.c.o   -c /home/neil/MIDI-Real-Time/fluidSynthAPI/CMakeFiles/CMakeTmp/CheckIncludeFile.c
Linking C executable cmTC_f973a
/usr/bin/cmake -E cmake_link_script CMakeFiles/cmTC_f973a.dir/link.txt --verbose=1
/usr/bin/cc  -Wall -W -Wpointer-arith -Wcast-qual -Wstrict-prototypes -Wno-unused-parameter -Wdeclaration-after-statement -Werror=implicit-function-declaration -Wbad-function-cast -Wcast-align     -rdynamic CMakeFiles/cmTC_f973a.dir/CheckIncludeFile.c.o  -o cmTC_f973a 
make[1]: Leaving directory '/home/neil/MIDI-Real-Time/fluidSynthAPI/CMakeFiles/CMakeTmp'


Determining if the function pthread_create exists in the pthread passed with the following output:
Change Dir: /home/neil/MIDI-Real-Time/fluidSynthAPI/CMakeFiles/CMakeTmp

Run Build Command:"/usr/bin/make" "cmTC_9715d/fast"
/usr/bin/make -f CMakeFiles/cmTC_9715d.dir/build.make CMakeFiles/cmTC_9715d.dir/build
make[1]: Entering directory '/home/neil/MIDI-Real-Time/fluidSynthAPI/CMakeFiles/CMakeTmp'
Building C object CMakeFiles/cmTC_9715d.dir/CheckFunctionExists.c.o
/usr/bin/cc -DTESTKEYWORD=inline  -Wall -W -Wpointer-arith -Wcast-qual -Wstrict-prototypes -Wno-unused-parameter -Wdeclaration-after-statement -Werror=implicit-function-declaration -Wbad-function-cast -Wcast-align -DCHECK_FUNCTION_EXISTS=pthread_create -fPIE   -o CMakeFiles/cmTC_9715d.dir/CheckFunctionExists.c.o   -c /usr/share/cmake-3.10/Modules/CheckFunctionExists.c
Linking C executable cmTC_9715d
/usr/bin/cmake -E cmake_link_script CMakeFiles/cmTC_9715d.dir/link.txt --verbose=1
/usr/bin/cc  -Wall -W -Wpointer-arith -Wcast-qual -Wstrict-prototypes -Wno-unused-parameter -Wdeclaration-after-statement -Werror=implicit-function-declaration -Wbad-function-cast -Wcast-align -DCHECK_FUNCTION_EXISTS=pthread_create    -rdynamic CMakeFiles/cmTC_9715d.dir/CheckFunctionExists.c.o  -o cmTC_9715d -lpthread 
make[1]: Leaving directory '/home/neil/MIDI-Real-Time/fluidSynthAPI/CMakeFiles/CMakeTmp'


Determining if the function inet_ntop exists passed with the following output:
Change Dir: /home/neil/MIDI-Real-Time/fluidSynthAPI/CMakeFiles/CMakeTmp

Run Build Command:"/usr/bin/make" "cmTC_a3471/fast"
/usr/bin/make -f CMakeFiles/cmTC_a3471.dir/build.make CMakeFiles/cmTC_a3471.dir/build
make[1]: Entering directory '/home/neil/MIDI-Real-Time/fluidSynthAPI/CMakeFiles/CMakeTmp'
Building C object CMakeFiles/cmTC_a3471.dir/CheckFunctionExists.c.o
/usr/bin/cc -DTESTKEYWORD=inline  -Wall -W -Wpointer-arith -Wcast-qual -Wstrict-prototypes -Wno-unused-parameter -Wdeclaration-after-statement -Werror=implicit-function-declaration -Wbad-function-cast -Wcast-align -DCHECK_FUNCTION_EXISTS=inet_ntop -fPIE   -o CMakeFiles/cmTC_a3471.dir/CheckFunctionExists.c.o   -c /usr/share/cmake-3.10/Modules/CheckFunctionExists.c
Linking C executable cmTC_a3471
/usr/bin/cmake -E cmake_link_script CMakeFiles/cmTC_a3471.dir/link.txt --verbose=1
/usr/bin/cc  -Wall -W -Wpointer-arith -Wcast-qual -Wstrict-prototypes -Wno-unused-parameter -Wdeclaration-after-statement -Werror=implicit-function-declaration -Wbad-function-cast -Wcast-align -DCHECK_FUNCTION_EXISTS=inet_ntop    -rdynamic CMakeFiles/cmTC_a3471.dir/CheckFunctionExists.c.o  -o cmTC_a3471 
make[1]: Leaving directory '/home/neil/MIDI-Real-Time/fluidSynthAPI/CMakeFiles/CMakeTmp'


Detecting C OpenMP compiler ABI info compiled with the following output:
Change Dir: /home/neil/MIDI-Real-Time/fluidSynthAPI/CMakeFiles/CMakeTmp

Run Build Command:"/usr/bin/make" "cmTC_d12e6/fast"
/usr/bin/make -f CMakeFiles/cmTC_d12e6.dir/build.make CMakeFiles/cmTC_d12e6.dir/build
make[1]: Entering directory '/home/neil/MIDI-Real-Time/fluidSynthAPI/CMakeFiles/CMakeTmp'
Building C object CMakeFiles/cmTC_d12e6.dir/OpenMPTryFlag.c.o
/usr/bin/cc   -Wall -W -Wpointer-arith -Wcast-qual -Wstrict-prototypes -Wno-unused-parameter -Wdeclaration-after-statement -Werror=implicit-function-declaration -Wbad-function-cast -Wcast-align -fopenmp -v -fPIE   -o CMakeFiles/cmTC_d12e6.dir/OpenMPTryFlag.c.o   -c /home/neil/MIDI-Real-Time/fluidSynthAPI/CMakeFiles/FindOpenMP/OpenMPTryFlag.c
Using built-in specs.
COLLECT_GCC=/usr/bin/cc
OFFLOAD_TARGET_NAMES=nvptx-none
OFFLOAD_TARGET_DEFAULT=1
Target: x86_64-linux-gnu
Configured with: ../src/configure -v --with-pkgversion='Ubuntu 7.3.0-27ubuntu1~18.04' --with-bugurl=file:///usr/share/doc/gcc-7/README.Bugs --enable-languages=c,ada,c++,go,brig,d,fortran,objc,obj-c++ --prefix=/usr --with-gcc-major-version-only --program-suffix=-7 --program-prefix=x86_64-linux-gnu- --enable-shared --enable-linker-build-id --libexecdir=/usr/lib --without-included-gettext --enable-threads=posix --libdir=/usr/lib --enable-nls --with-sysroot=/ --enable-clocale=gnu --enable-libstdcxx-debug --enable-libstdcxx-time=yes --with-default-libstdcxx-abi=new --enable-gnu-unique-object --disable-vtable-verify --enable-libmpx --enable-plugin --enable-default-pie --with-system-zlib --with-target-system-zlib --enable-objc-gc=auto --enable-multiarch --disable-werror --with-arch-32=i686 --with-abi=m64 --with-multilib-list=m32,m64,mx32 --enable-multilib --with-tune=generic --enable-offload-targets=nvptx-none --without-cuda-driver --enable-checking=release --build=x86_64-linux-gnu --host=x86_64-linux-gnu --target=x86_64-linux-gnu
Thread model: posix
gcc version 7.3.0 (Ubuntu 7.3.0-27ubuntu1~18.04) 
COLLECT_GCC_OPTIONS='-Wall' '-Wextra' '-Wpointer-arith' '-Wcast-qual' '-Wstrict-prototypes' '-Wno-unused-parameter' '-Wdeclaration-after-statement' '-Werror=implicit-function-declaration' '-Wbad-function-cast' '-Wcast-align' '-fopenmp' '-v' '-fPIE' '-o' 'CMakeFiles/cmTC_d12e6.dir/OpenMPTryFlag.c.o' '-c' '-mtune=generic' '-march=x86-64' '-pthread'
 /usr/lib/gcc/x86_64-linux-gnu/7/cc1 -quiet -v -imultiarch x86_64-linux-gnu -D_REENTRANT /home/neil/MIDI-Real-Time/fluidSynthAPI/CMakeFiles/FindOpenMP/OpenMPTryFlag.c -quiet -dumpbase OpenMPTryFlag.c -mtune=generic -march=x86-64 -auxbase-strip CMakeFiles/cmTC_d12e6.dir/OpenMPTryFlag.c.o -Wall -Wextra -Wpointer-arith -Wcast-qual -Wstrict-prototypes -Wno-unused-parameter -Wdeclaration-after-statement -Werror=implicit-function-declaration -Wbad-function-cast -Wcast-align -version -fopenmp -fPIE -fstack-protector-strong -Wformat-security -o /tmp/ccc5txaL.s
GNU C11 (Ubuntu 7.3.0-27ubuntu1~18.04) version 7.3.0 (x86_64-linux-gnu)
	compiled by GNU C version 7.3.0, GMP version 6.1.2, MPFR version 4.0.1, MPC version 1.1.0, isl version isl-0.19-GMP

GGC heuristics: --param ggc-min-expand=100 --param ggc-min-heapsize=131072
ignoring nonexistent directory "/usr/local/include/x86_64-linux-gnu"
ignoring nonexistent directory "/usr/lib/gcc/x86_64-linux-gnu/7/../../../../x86_64-linux-gnu/include"
#include "..." search starts here:
#include <...> search starts here:
 /usr/lib/gcc/x86_64-linux-gnu/7/include
 /usr/local/include
 /usr/lib/gcc/x86_64-linux-gnu/7/include-fixed
 /usr/include/x86_64-linux-gnu
 /usr/include
End of search list.
GNU C11 (Ubuntu 7.3.0-27ubuntu1~18.04) version 7.3.0 (x86_64-linux-gnu)
	compiled by GNU C version 7.3.0, GMP version 6.1.2, MPFR version 4.0.1, MPC version 1.1.0, isl version isl-0.19-GMP

GGC heuristics: --param ggc-min-expand=100 --param ggc-min-heapsize=131072
Compiler executable checksum: c8081a99abb72bbfd9129549110a350c
/home/neil/MIDI-Real-Time/fluidSynthAPI/CMakeFiles/FindOpenMP/OpenMPTryFlag.c:3:5: warning: function declaration isn’t a prototype [-Wstrict-prototypes]
 int main() {
     ^~~~
COLLECT_GCC_OPTIONS='-Wall' '-Wextra' '-Wpointer-arith' '-Wcast-qual' '-Wstrict-prototypes' '-Wno-unused-parameter' '-Wdeclaration-after-statement' '-Werror=implicit-function-declaration' '-Wbad-function-cast' '-Wcast-align' '-fopenmp' '-v' '-fPIE' '-o' 'CMakeFiles/cmTC_d12e6.dir/OpenMPTryFlag.c.o' '-c' '-mtune=generic' '-march=x86-64' '-pthread'
 as -v --64 -o CMakeFiles/cmTC_d12e6.dir/OpenMPTryFlag.c.o /tmp/ccc5txaL.s
GNU assembler version 2.30 (x86_64-linux-gnu) using BFD version (GNU Binutils for Ubuntu) 2.30
COMPILER_PATH=/usr/lib/gcc/x86_64-linux-gnu/7/:/usr/lib/gcc/x86_64-linux-gnu/7/:/usr/lib/gcc/x86_64-linux-gnu/:/usr/lib/gcc/x86_64-linux-gnu/7/:/usr/lib/gcc/x86_64-linux-gnu/
LIBRARY_PATH=/usr/lib/gcc/x86_64-linux-gnu/7/:/usr/lib/gcc/x86_64-linux-gnu/7/../../../x86_64-linux-gnu/:/usr/lib/gcc/x86_64-linux-gnu/7/../../../../lib/:/lib/x86_64-linux-gnu/:/lib/../lib/:/usr/lib/x86_64-linux-gnu/:/usr/lib/../lib/:/usr/lib/gcc/x86_64-linux-gnu/7/../../../:/lib/:/usr/lib/
COLLECT_GCC_OPTIONS='-Wall' '-Wextra' '-Wpointer-arith' '-Wcast-qual' '-Wstrict-prototypes' '-Wno-unused-parameter' '-Wdeclaration-after-statement' '-Werror=implicit-function-declaration' '-Wbad-function-cast' '-Wcast-align' '-fopenmp' '-v' '-fPIE' '-o' 'CMakeFiles/cmTC_d12e6.dir/OpenMPTryFlag.c.o' '-c' '-mtune=generic' '-march=x86-64' '-pthread'
Linking C executable cmTC_d12e6
/usr/bin/cmake -E cmake_link_script CMakeFiles/cmTC_d12e6.dir/link.txt --verbose=1
/usr/bin/cc  -Wall -W -Wpointer-arith -Wcast-qual -Wstrict-prototypes -Wno-unused-parameter -Wdeclaration-after-statement -Werror=implicit-function-declaration -Wbad-function-cast -Wcast-align -fopenmp -v    -rdynamic CMakeFiles/cmTC_d12e6.dir/OpenMPTryFlag.c.o  -o cmTC_d12e6 -v 
Using built-in specs.
COLLECT_GCC=/usr/bin/cc
COLLECT_LTO_WRAPPER=/usr/lib/gcc/x86_64-linux-gnu/7/lto-wrapper
OFFLOAD_TARGET_NAMES=nvptx-none
OFFLOAD_TARGET_DEFAULT=1
Target: x86_64-linux-gnu
Configured with: ../src/configure -v --with-pkgversion='Ubuntu 7.3.0-27ubuntu1~18.04' --with-bugurl=file:///usr/share/doc/gcc-7/README.Bugs --enable-languages=c,ada,c++,go,brig,d,fortran,objc,obj-c++ --prefix=/usr --with-gcc-major-version-only --program-suffix=-7 --program-prefix=x86_64-linux-gnu- --enable-shared --enable-linker-build-id --libexecdir=/usr/lib --without-included-gettext --enable-threads=posix --libdir=/usr/lib --enable-nls --with-sysroot=/ --enable-clocale=gnu --enable-libstdcxx-debug --enable-libstdcxx-time=yes --with-default-libstdcxx-abi=new --enable-gnu-unique-object --disable-vtable-verify --enable-libmpx --enable-plugin --enable-default-pie --with-system-zlib --with-target-system-zlib --enable-objc-gc=auto --enable-multiarch --disable-werror --with-arch-32=i686 --with-abi=m64 --with-multilib-list=m32,m64,mx32 --enable-multilib --with-tune=generic --enable-offload-targets=nvptx-none --without-cuda-driver --enable-checking=release --build=x86_64-linux-gnu --host=x86_64-linux-gnu --target=x86_64-linux-gnu
Thread model: posix
gcc version 7.3.0 (Ubuntu 7.3.0-27ubuntu1~18.04) 
COMPILER_PATH=/usr/lib/gcc/x86_64-linux-gnu/7/:/usr/lib/gcc/x86_64-linux-gnu/7/:/usr/lib/gcc/x86_64-linux-gnu/:/usr/lib/gcc/x86_64-linux-gnu/7/:/usr/lib/gcc/x86_64-linux-gnu/
LIBRARY_PATH=/usr/lib/gcc/x86_64-linux-gnu/7/:/usr/lib/gcc/x86_64-linux-gnu/7/../../../x86_64-linux-gnu/:/usr/lib/gcc/x86_64-linux-gnu/7/../../../../lib/:/lib/x86_64-linux-gnu/:/lib/../lib/:/usr/lib/x86_64-linux-gnu/:/usr/lib/../lib/:/usr/lib/gcc/x86_64-linux-gnu/7/../../../:/lib/:/usr/lib/
Reading specs from /usr/lib/gcc/x86_64-linux-gnu/7/libgomp.spec
COLLECT_GCC_OPTIONS='-Wall' '-Wextra' '-Wpointer-arith' '-Wcast-qual' '-Wstrict-prototypes' '-Wno-unused-parameter' '-Wdeclaration-after-statement' '-Werror=implicit-function-declaration' '-Wbad-function-cast' '-Wcast-align' '-fopenmp' '-v' '-rdynamic' '-o' 'cmTC_d12e6' '-v' '-mtune=generic' '-march=x86-64' '-pthread'
 /usr/lib/gcc/x86_64-linux-gnu/7/collect2 -plugin /usr/lib/gcc/x86_64-linux-gnu/7/liblto_plugin.so -plugin-opt=/usr/lib/gcc/x86_64-linux-gnu/7/lto-wrapper -plugin-opt=-fresolution=/tmp/cceuZRsP.res -plugin-opt=-pass-through=-lgcc -plugin-opt=-pass-through=-lgcc_s -plugin-opt=-pass-through=-lpthread -plugin-opt=-pass-through=-lc -plugin-opt=-pass-through=-lgcc -plugin-opt=-pass-through=-lgcc_s --sysroot=/ --build-id --eh-frame-hdr -m elf_x86_64 --hash-style=gnu --as-needed -export-dynamic -dynamic-linker /lib64/ld-linux-x86-64.so.2 -pie -z now -z relro -o cmTC_d12e6 /usr/lib/gcc/x86_64-linux-gnu/7/../../../x86_64-linux-gnu/Scrt1.o /usr/lib/gcc/x86_64-linux-gnu/7/../../../x86_64-linux-gnu/crti.o /usr/lib/gcc/x86_64-linux-gnu/7/crtbeginS.o /usr/lib/gcc/x86_64-linux-gnu/7/crtoffloadbegin.o -L/usr/lib/gcc/x86_64-linux-gnu/7 -L/usr/lib/gcc/x86_64-linux-gnu/7/../../../x86_64-linux-gnu -L/usr/lib/gcc/x86_64-linux-gnu/7/../../../../lib -L/lib/x86_64-linux-gnu -L/lib/../lib -L/usr/lib/x86_64-linux-gnu -L/usr/lib/../lib -L/usr/lib/gcc/x86_64-linux-gnu/7/../../.. CMakeFiles/cmTC_d12e6.dir/OpenMPTryFlag.c.o -lgomp -lgcc --push-state --as-needed -lgcc_s --pop-state -lpthread -lc -lgcc --push-state --as-needed -lgcc_s --pop-state /usr/lib/gcc/x86_64-linux-gnu/7/crtendS.o /usr/lib/gcc/x86_64-linux-gnu/7/../../../x86_64-linux-gnu/crtn.o /usr/lib/gcc/x86_64-linux-gnu/7/crtoffloadend.o
COLLECT_GCC_OPTIONS='-Wall' '-Wextra' '-Wpointer-arith' '-Wcast-qual' '-Wstrict-prototypes' '-Wno-unused-parameter' '-Wdeclaration-after-statement' '-Werror=implicit-function-declaration' '-Wbad-function-cast' '-Wcast-align' '-fopenmp' '-v' '-rdynamic' '-o' 'cmTC_d12e6' '-v' '-mtune=generic' '-march=x86-64' '-pthread'
make[1]: Leaving directory '/home/neil/MIDI-Real-Time/fluidSynthAPI/CMakeFiles/CMakeTmp'


Parsed C OpenMP implicit link information from above output:
  link line regex: [^( *|.*[/\])(ld|CMAKE_LINK_STARTFILE-NOTFOUND|([^/\]+-)?ld|collect2)[^/\]*( |$)]
  ignore line: [Change Dir: /home/neil/MIDI-Real-Time/fluidSynthAPI/CMakeFiles/CMakeTmp]
  ignore line: []
  ignore line: [Run Build Command:"/usr/bin/make" "cmTC_d12e6/fast"]
  ignore line: [/usr/bin/make -f CMakeFiles/cmTC_d12e6.dir/build.make CMakeFiles/cmTC_d12e6.dir/build]
  ignore line: [make[1]: Entering directory '/home/neil/MIDI-Real-Time/fluidSynthAPI/CMakeFiles/CMakeTmp']
  ignore line: [Building C object CMakeFiles/cmTC_d12e6.dir/OpenMPTryFlag.c.o]
  ignore line: [/usr/bin/cc   -Wall -W -Wpointer-arith -Wcast-qual -Wstrict-prototypes -Wno-unused-parameter -Wdeclaration-after-statement -Werror=implicit-function-declaration -Wbad-function-cast -Wcast-align -fopenmp -v -fPIE   -o CMakeFiles/cmTC_d12e6.dir/OpenMPTryFlag.c.o   -c /home/neil/MIDI-Real-Time/fluidSynthAPI/CMakeFiles/FindOpenMP/OpenMPTryFlag.c]
  ignore line: [Using built-in specs.]
  ignore line: [COLLECT_GCC=/usr/bin/cc]
  ignore line: [OFFLOAD_TARGET_NAMES=nvptx-none]
  ignore line: [OFFLOAD_TARGET_DEFAULT=1]
  ignore line: [Target: x86_64-linux-gnu]
  ignore line: [Configured with: ../src/configure -v --with-pkgversion='Ubuntu 7.3.0-27ubuntu1~18.04' --with-bugurl=file:///usr/share/doc/gcc-7/README.Bugs --enable-languages=c,ada,c++,go,brig,d,fortran,objc,obj-c++ --prefix=/usr --with-gcc-major-version-only --program-suffix=-7 --program-prefix=x86_64-linux-gnu- --enable-shared --enable-linker-build-id --libexecdir=/usr/lib --without-included-gettext --enable-threads=posix --libdir=/usr/lib --enable-nls --with-sysroot=/ --enable-clocale=gnu --enable-libstdcxx-debug --enable-libstdcxx-time=yes --with-default-libstdcxx-abi=new --enable-gnu-unique-object --disable-vtable-verify --enable-libmpx --enable-plugin --enable-default-pie --with-system-zlib --with-target-system-zlib --enable-objc-gc=auto --enable-multiarch --disable-werror --with-arch-32=i686 --with-abi=m64 --with-multilib-list=m32,m64,mx32 --enable-multilib --with-tune=generic --enable-offload-targets=nvptx-none --without-cuda-driver --enable-checking=release --build=x86_64-linux-gnu --host=x86_64-linux-gnu --target=x86_64-linux-gnu]
  ignore line: [Thread model: posix]
  ignore line: [gcc version 7.3.0 (Ubuntu 7.3.0-27ubuntu1~18.04) ]
  ignore line: [COLLECT_GCC_OPTIONS='-Wall' '-Wextra' '-Wpointer-arith' '-Wcast-qual' '-Wstrict-prototypes' '-Wno-unused-parameter' '-Wdeclaration-after-statement' '-Werror=implicit-function-declaration' '-Wbad-function-cast' '-Wcast-align' '-fopenmp' '-v' '-fPIE' '-o' 'CMakeFiles/cmTC_d12e6.dir/OpenMPTryFlag.c.o' '-c' '-mtune=generic' '-march=x86-64' '-pthread']
  ignore line: [ /usr/lib/gcc/x86_64-linux-gnu/7/cc1 -quiet -v -imultiarch x86_64-linux-gnu -D_REENTRANT /home/neil/MIDI-Real-Time/fluidSynthAPI/CMakeFiles/FindOpenMP/OpenMPTryFlag.c -quiet -dumpbase OpenMPTryFlag.c -mtune=generic -march=x86-64 -auxbase-strip CMakeFiles/cmTC_d12e6.dir/OpenMPTryFlag.c.o -Wall -Wextra -Wpointer-arith -Wcast-qual -Wstrict-prototypes -Wno-unused-parameter -Wdeclaration-after-statement -Werror=implicit-function-declaration -Wbad-function-cast -Wcast-align -version -fopenmp -fPIE -fstack-protector-strong -Wformat-security -o /tmp/ccc5txaL.s]
  ignore line: [GNU C11 (Ubuntu 7.3.0-27ubuntu1~18.04) version 7.3.0 (x86_64-linux-gnu)]
  ignore line: [	compiled by GNU C version 7.3.0, GMP version 6.1.2, MPFR version 4.0.1, MPC version 1.1.0, isl version isl-0.19-GMP]
  ignore line: []
  ignore line: [GGC heuristics: --param ggc-min-expand=100 --param ggc-min-heapsize=131072]
  ignore line: [ignoring nonexistent directory "/usr/local/include/x86_64-linux-gnu"]
  ignore line: [ignoring nonexistent directory "/usr/lib/gcc/x86_64-linux-gnu/7/../../../../x86_64-linux-gnu/include"]
  ignore line: [#include "..." search starts here:]
  ignore line: [#include <...> search starts here:]
  ignore line: [ /usr/lib/gcc/x86_64-linux-gnu/7/include]
  ignore line: [ /usr/local/include]
  ignore line: [ /usr/lib/gcc/x86_64-linux-gnu/7/include-fixed]
  ignore line: [ /usr/include/x86_64-linux-gnu]
  ignore line: [ /usr/include]
  ignore line: [End of search list.]
  ignore line: [GNU C11 (Ubuntu 7.3.0-27ubuntu1~18.04) version 7.3.0 (x86_64-linux-gnu)]
  ignore line: [	compiled by GNU C version 7.3.0, GMP version 6.1.2, MPFR version 4.0.1, MPC version 1.1.0, isl version isl-0.19-GMP]
  ignore line: []
  ignore line: [GGC heuristics: --param ggc-min-expand=100 --param ggc-min-heapsize=131072]
  ignore line: [Compiler executable checksum: c8081a99abb72bbfd9129549110a350c]
  ignore line: [/home/neil/MIDI-Real-Time/fluidSynthAPI/CMakeFiles/FindOpenMP/OpenMPTryFlag.c:3:5: warning: function declaration isn’t a prototype [-Wstrict-prototypes]]
  ignore line: [ int main() {]
  ignore line: [     ^~~~]
  ignore line: [COLLECT_GCC_OPTIONS='-Wall' '-Wextra' '-Wpointer-arith' '-Wcast-qual' '-Wstrict-prototypes' '-Wno-unused-parameter' '-Wdeclaration-after-statement' '-Werror=implicit-function-declaration' '-Wbad-function-cast' '-Wcast-align' '-fopenmp' '-v' '-fPIE' '-o' 'CMakeFiles/cmTC_d12e6.dir/OpenMPTryFlag.c.o' '-c' '-mtune=generic' '-march=x86-64' '-pthread']
  ignore line: [ as -v --64 -o CMakeFiles/cmTC_d12e6.dir/OpenMPTryFlag.c.o /tmp/ccc5txaL.s]
  ignore line: [GNU assembler version 2.30 (x86_64-linux-gnu) using BFD version (GNU Binutils for Ubuntu) 2.30]
  ignore line: [COMPILER_PATH=/usr/lib/gcc/x86_64-linux-gnu/7/:/usr/lib/gcc/x86_64-linux-gnu/7/:/usr/lib/gcc/x86_64-linux-gnu/:/usr/lib/gcc/x86_64-linux-gnu/7/:/usr/lib/gcc/x86_64-linux-gnu/]
  ignore line: [LIBRARY_PATH=/usr/lib/gcc/x86_64-linux-gnu/7/:/usr/lib/gcc/x86_64-linux-gnu/7/../../../x86_64-linux-gnu/:/usr/lib/gcc/x86_64-linux-gnu/7/../../../../lib/:/lib/x86_64-linux-gnu/:/lib/../lib/:/usr/lib/x86_64-linux-gnu/:/usr/lib/../lib/:/usr/lib/gcc/x86_64-linux-gnu/7/../../../:/lib/:/usr/lib/]
  ignore line: [COLLECT_GCC_OPTIONS='-Wall' '-Wextra' '-Wpointer-arith' '-Wcast-qual' '-Wstrict-prototypes' '-Wno-unused-parameter' '-Wdeclaration-after-statement' '-Werror=implicit-function-declaration' '-Wbad-function-cast' '-Wcast-align' '-fopenmp' '-v' '-fPIE' '-o' 'CMakeFiles/cmTC_d12e6.dir/OpenMPTryFlag.c.o' '-c' '-mtune=generic' '-march=x86-64' '-pthread']
  ignore line: [Linking C executable cmTC_d12e6]
  ignore line: [/usr/bin/cmake -E cmake_link_script CMakeFiles/cmTC_d12e6.dir/link.txt --verbose=1]
  ignore line: [/usr/bin/cc  -Wall -W -Wpointer-arith -Wcast-qual -Wstrict-prototypes -Wno-unused-parameter -Wdeclaration-after-statement -Werror=implicit-function-declaration -Wbad-function-cast -Wcast-align -fopenmp -v    -rdynamic CMakeFiles/cmTC_d12e6.dir/OpenMPTryFlag.c.o  -o cmTC_d12e6 -v ]
  ignore line: [Using built-in specs.]
  ignore line: [COLLECT_GCC=/usr/bin/cc]
  ignore line: [COLLECT_LTO_WRAPPER=/usr/lib/gcc/x86_64-linux-gnu/7/lto-wrapper]
  ignore line: [OFFLOAD_TARGET_NAMES=nvptx-none]
  ignore line: [OFFLOAD_TARGET_DEFAULT=1]
  ignore line: [Target: x86_64-linux-gnu]
  ignore line: [Configured with: ../src/configure -v --with-pkgversion='Ubuntu 7.3.0-27ubuntu1~18.04' --with-bugurl=file:///usr/share/doc/gcc-7/README.Bugs --enable-languages=c,ada,c++,go,brig,d,fortran,objc,obj-c++ --prefix=/usr --with-gcc-major-version-only --program-suffix=-7 --program-prefix=x86_64-linux-gnu- --enable-shared --enable-linker-build-id --libexecdir=/usr/lib --without-included-gettext --enable-threads=posix --libdir=/usr/lib --enable-nls --with-sysroot=/ --enable-clocale=gnu --enable-libstdcxx-debug --enable-libstdcxx-time=yes --with-default-libstdcxx-abi=new --enable-gnu-unique-object --disable-vtable-verify --enable-libmpx --enable-plugin --enable-default-pie --with-system-zlib --with-target-system-zlib --enable-objc-gc=auto --enable-multiarch --disable-werror --with-arch-32=i686 --with-abi=m64 --with-multilib-list=m32,m64,mx32 --enable-multilib --with-tune=generic --enable-offload-targets=nvptx-none --without-cuda-driver --enable-checking=release --build=x86_64-linux-gnu --host=x86_64-linux-gnu --target=x86_64-linux-gnu]
  ignore line: [Thread model: posix]
  ignore line: [gcc version 7.3.0 (Ubuntu 7.3.0-27ubuntu1~18.04) ]
  ignore line: [COMPILER_PATH=/usr/lib/gcc/x86_64-linux-gnu/7/:/usr/lib/gcc/x86_64-linux-gnu/7/:/usr/lib/gcc/x86_64-linux-gnu/:/usr/lib/gcc/x86_64-linux-gnu/7/:/usr/lib/gcc/x86_64-linux-gnu/]
  ignore line: [LIBRARY_PATH=/usr/lib/gcc/x86_64-linux-gnu/7/:/usr/lib/gcc/x86_64-linux-gnu/7/../../../x86_64-linux-gnu/:/usr/lib/gcc/x86_64-linux-gnu/7/../../../../lib/:/lib/x86_64-linux-gnu/:/lib/../lib/:/usr/lib/x86_64-linux-gnu/:/usr/lib/../lib/:/usr/lib/gcc/x86_64-linux-gnu/7/../../../:/lib/:/usr/lib/]
  ignore line: [Reading specs from /usr/lib/gcc/x86_64-linux-gnu/7/libgomp.spec]
  ignore line: [COLLECT_GCC_OPTIONS='-Wall' '-Wextra' '-Wpointer-arith' '-Wcast-qual' '-Wstrict-prototypes' '-Wno-unused-parameter' '-Wdeclaration-after-statement' '-Werror=implicit-function-declaration' '-Wbad-function-cast' '-Wcast-align' '-fopenmp' '-v' '-rdynamic' '-o' 'cmTC_d12e6' '-v' '-mtune=generic' '-march=x86-64' '-pthread']
  link line: [ /usr/lib/gcc/x86_64-linux-gnu/7/collect2 -plugin /usr/lib/gcc/x86_64-linux-gnu/7/liblto_plugin.so -plugin-opt=/usr/lib/gcc/x86_64-linux-gnu/7/lto-wrapper -plugin-opt=-fresolution=/tmp/cceuZRsP.res -plugin-opt=-pass-through=-lgcc -plugin-opt=-pass-through=-lgcc_s -plugin-opt=-pass-through=-lpthread -plugin-opt=-pass-through=-lc -plugin-opt=-pass-through=-lgcc -plugin-opt=-pass-through=-lgcc_s --sysroot=/ --build-id --eh-frame-hdr -m elf_x86_64 --hash-style=gnu --as-needed -export-dynamic -dynamic-linker /lib64/ld-linux-x86-64.so.2 -pie -z now -z relro -o cmTC_d12e6 /usr/lib/gcc/x86_64-linux-gnu/7/../../../x86_64-linux-gnu/Scrt1.o /usr/lib/gcc/x86_64-linux-gnu/7/../../../x86_64-linux-gnu/crti.o /usr/lib/gcc/x86_64-linux-gnu/7/crtbeginS.o /usr/lib/gcc/x86_64-linux-gnu/7/crtoffloadbegin.o -L/usr/lib/gcc/x86_64-linux-gnu/7 -L/usr/lib/gcc/x86_64-linux-gnu/7/../../../x86_64-linux-gnu -L/usr/lib/gcc/x86_64-linux-gnu/7/../../../../lib -L/lib/x86_64-linux-gnu -L/lib/../lib -L/usr/lib/x86_64-linux-gnu -L/usr/lib/../lib -L/usr/lib/gcc/x86_64-linux-gnu/7/../../.. CMakeFiles/cmTC_d12e6.dir/OpenMPTryFlag.c.o -lgomp -lgcc --push-state --as-needed -lgcc_s --pop-state -lpthread -lc -lgcc --push-state --as-needed -lgcc_s --pop-state /usr/lib/gcc/x86_64-linux-gnu/7/crtendS.o /usr/lib/gcc/x86_64-linux-gnu/7/../../../x86_64-linux-gnu/crtn.o /usr/lib/gcc/x86_64-linux-gnu/7/crtoffloadend.o]
    arg [/usr/lib/gcc/x86_64-linux-gnu/7/collect2] ==> ignore
    arg [-plugin] ==> ignore
    arg [/usr/lib/gcc/x86_64-linux-gnu/7/liblto_plugin.so] ==> ignore
    arg [-plugin-opt=/usr/lib/gcc/x86_64-linux-gnu/7/lto-wrapper] ==> ignore
    arg [-plugin-opt=-fresolution=/tmp/cceuZRsP.res] ==> ignore
    arg [-plugin-opt=-pass-through=-lgcc] ==> ignore
    arg [-plugin-opt=-pass-through=-lgcc_s] ==> ignore
    arg [-plugin-opt=-pass-through=-lpthread] ==> ignore
    arg [-plugin-opt=-pass-through=-lc] ==> ignore
    arg [-plugin-opt=-pass-through=-lgcc] ==> ignore
    arg [-plugin-opt=-pass-through=-lgcc_s] ==> ignore
    arg [--sysroot=/] ==> ignore
    arg [--build-id] ==> ignore
    arg [--eh-frame-hdr] ==> ignore
    arg [-m] ==> ignore
    arg [elf_x86_64] ==> ignore
    arg [--hash-style=gnu] ==> ignore
    arg [--as-needed] ==> ignore
    arg [-export-dynamic] ==> ignore
    arg [-dynamic-linker] ==> ignore
    arg [/lib64/ld-linux-x86-64.so.2] ==> ignore
    arg [-pie] ==> ignore
    arg [-znow] ==> ignore
    arg [-zrelro] ==> ignore
    arg [-o] ==> ignore
    arg [cmTC_d12e6] ==> ignore
    arg [/usr/lib/gcc/x86_64-linux-gnu/7/../../../x86_64-linux-gnu/Scrt1.o] ==> ignore
    arg [/usr/lib/gcc/x86_64-linux-gnu/7/../../../x86_64-linux-gnu/crti.o] ==> ignore
    arg [/usr/lib/gcc/x86_64-linux-gnu/7/crtbeginS.o] ==> ignore
    arg [/usr/lib/gcc/x86_64-linux-gnu/7/crtoffloadbegin.o] ==> ignore
    arg [-L/usr/lib/gcc/x86_64-linux-gnu/7] ==> dir [/usr/lib/gcc/x86_64-linux-gnu/7]
    arg [-L/usr/lib/gcc/x86_64-linux-gnu/7/../../../x86_64-linux-gnu] ==> dir [/usr/lib/gcc/x86_64-linux-gnu/7/../../../x86_64-linux-gnu]
    arg [-L/usr/lib/gcc/x86_64-linux-gnu/7/../../../../lib] ==> dir [/usr/lib/gcc/x86_64-linux-gnu/7/../../../../lib]
    arg [-L/lib/x86_64-linux-gnu] ==> dir [/lib/x86_64-linux-gnu]
    arg [-L/lib/../lib] ==> dir [/lib/../lib]
    arg [-L/usr/lib/x86_64-linux-gnu] ==> dir [/usr/lib/x86_64-linux-gnu]
    arg [-L/usr/lib/../lib] ==> dir [/usr/lib/../lib]
    arg [-L/usr/lib/gcc/x86_64-linux-gnu/7/../../..] ==> dir [/usr/lib/gcc/x86_64-linux-gnu/7/../../..]
    arg [CMakeFiles/cmTC_d12e6.dir/OpenMPTryFlag.c.o] ==> ignore
    arg [-lgomp] ==> lib [gomp]
    arg [-lgcc] ==> lib [gcc]
    arg [--push-state] ==> ignore
    arg [--as-needed] ==> ignore
    arg [-lgcc_s] ==> lib [gcc_s]
    arg [--pop-state] ==> ignore
    arg [-lpthread] ==> lib [pthread]
    arg [-lc] ==> lib [c]
    arg [-lgcc] ==> lib [gcc]
    arg [--push-state] ==> ignore
    arg [--as-needed] ==> ignore
    arg [-lgcc_s] ==> lib [gcc_s]
    arg [--pop-state] ==> ignore
    arg [/usr/lib/gcc/x86_64-linux-gnu/7/crtendS.o] ==> ignore
    arg [/usr/lib/gcc/x86_64-linux-gnu/7/../../../x86_64-linux-gnu/crtn.o] ==> ignore
    arg [/usr/lib/gcc/x86_64-linux-gnu/7/crtoffloadend.o] ==> ignore
  collapse library dir [/usr/lib/gcc/x86_64-linux-gnu/7] ==> [/usr/lib/gcc/x86_64-linux-gnu/7]
  collapse library dir [/usr/lib/gcc/x86_64-linux-gnu/7/../../../x86_64-linux-gnu] ==> [/usr/lib/x86_64-linux-gnu]
  collapse library dir [/usr/lib/gcc/x86_64-linux-gnu/7/../../../../lib] ==> [/usr/lib]
  collapse library dir [/lib/x86_64-linux-gnu] ==> [/lib/x86_64-linux-gnu]
  collapse library dir [/lib/../lib] ==> [/lib]
  collapse library dir [/usr/lib/x86_64-linux-gnu] ==> [/usr/lib/x86_64-linux-gnu]
  collapse library dir [/usr/lib/../lib] ==> [/usr/lib]
  collapse library dir [/usr/lib/gcc/x86_64-linux-gnu/7/../../..] ==> [/usr/lib]
  implicit libs: [gomp;gcc;gcc_s;pthread;c;gcc;gcc_s]
  implicit dirs: [/usr/lib/gcc/x86_64-linux-gnu/7;/usr/lib/x86_64-linux-gnu;/usr/lib;/lib/x86_64-linux-gnu;/lib]
  implicit fwks: []


